[35m[Appium][39m Welcome to Appium v2.0.1
[35m[Appium][39m Non-default server args:
[35m[Appium][39m { basePath: [32m'/wd/hub'[39m, loglevel: [32m'info'[39m, port: [33m10991[39m }
[35m[Appium][39m Attempting to load driver uiautomator2...
[35m[Appium][39m Appium REST http interface listener started on http://0.0.0.0:10991/wd/hub
[35m[Appium][39m You can provide the following URLS in your client code to connect to this server:
[35m[Appium][39m 	http://192.168.8.141:10991/wd/hub
[35m[Appium][39m 	http://127.0.0.1:10991/wd/hub (only accessible from the same host)
[35m[Appium][39m Available drivers:
[35m[Appium][39m   - uiautomator2@3.0.4 (automationName 'UiAutomator2')
[35m[Appium][39m No plugins have been installed. Use the "appium plugin" command to install the one(s) you want to use.
[38;5;0m[HTTP][0m [37m-->[39m [37mGET[39m [37m/wd/hub/status[39m
[38;5;0m[HTTP][0m [90m{}[39m
[38;5;0m[HTTP][0m [37m<-- GET /wd/hub/status [39m[32m200[39m [90m4 ms - 39[39m
[38;5;0m[HTTP][0m [90m[39m
[38;5;0m[HTTP][0m [37m-->[39m [37mGET[39m [37m/wd/hub/status[39m
[38;5;0m[HTTP][0m [90m{}[39m
[38;5;0m[HTTP][0m [37m<-- GET /wd/hub/status [39m[32m200[39m [90m1 ms - 39[39m
[38;5;0m[HTTP][0m [90m[39m
[38;5;0m[HTTP][0m [37m-->[39m [37mPOST[39m [37m/wd/hub/session[39m
[38;5;0m[HTTP][0m [90m{"desiredCapabilities":{"appium:systemPort":11031,"appium:newCommandTimeout":1800,"appium:automationName":"uiautomator2","appium:fullReset":false,"appium:platformVersion":"11","appium:noReset":true,"appium:udid":"emulator-5554","appium:autoGrantPermissions":true,"appium:platformName":"ANDROID","appium:deviceName":"emulator-5554 (sdk_gphone_x86 - Android 11)","platformName":"Android","appium:app":"D:\\MY_WorkSpace\\Katalon_Automation\\MedicsAPP\\App\\medicsApp.apk"},"capabilities":{"firstMatch":[{"appium:app":"D:\\MY_WorkSpace\\Katalon_Automation\\MedicsAPP\\App\\medicsApp.apk","appium:autoGrantPermissions":true,"appium:automationName":"uiautomator2","appium:deviceName":"emulator-5554 (sdk_gphone_x86 - Android 11)","appium:fullReset":false,"appium:newCommandTimeout":1800,"appium:noReset":true,"appium:platformName":"ANDROID","appium:platformVersion":"11","appium:systemPort":11031,"appium:udid":"emulator-5554","platformName":"android"}]}}[39m
[38;5;32m[BaseDriver][0m Ignoring capability 'appium:platformName=ANDROID' and using capability 'platformName=android'
[38;5;32m[BaseDriver][0m The capabilities ["platformName"] are standard capabilities and do not require "appium:" prefix
[35m[Appium][39m Attempting to find matching driver for automationName 'uiautomator2' and platformName 'android'
[35m[Appium][39m The 'uiautomator2' driver was installed and matched caps.
[35m[Appium][39m Will require it at C:\Users\yasirut\.appium\node_modules\appium-uiautomator2-driver
[38;5;16m[AppiumDriver@72f5][0m Appium v2.0.1 creating new AndroidUiautomator2Driver (v3.0.4) session
[38;5;16m[AppiumDriver@72f5][0m Checking BaseDriver versions for Appium and AndroidUiautomator2Driver
[38;5;16m[AppiumDriver@72f5][0m Appium's BaseDriver version is 9.5.2
[38;5;16m[AppiumDriver@72f5][0m AndroidUiautomator2Driver's BaseDriver version is 9.5.2
[38;5;48m[AndroidUiautomator2Driver@08c9 (75c5c4c5)][0m Session created with session id: 75c5c4c5-cf6b-497e-b83f-d2e508fcb7c2
[38;5;64m[ADB][0m Found 3 'build-tools' folders under 'C:\Users\yasirut\AppData\Local\Android\Sdk' (newest first):
[38;5;64m[ADB][0m     C:\Users\yasirut\AppData\Local\Android\Sdk\build-tools\32.1.0-rc1
[38;5;64m[ADB][0m     C:\Users\yasirut\AppData\Local\Android\Sdk\build-tools\32.0.0
[38;5;64m[ADB][0m     C:\Users\yasirut\AppData\Local\Android\Sdk\build-tools\30.0.3
[38;5;64m[ADB][0m Using 'adb.exe' from 'C:\Users\yasirut\AppData\Local\Android\Sdk\platform-tools\adb.exe'
[38;5;48m[AndroidUiautomator2Driver@08c9 (75c5c4c5)][0m Retrieving device list
[38;5;48m[AndroidUiautomator2Driver@08c9 (75c5c4c5)][0m Using device: emulator-5554
[38;5;64m[ADB][0m Using 'adb.exe' from 'C:\Users\yasirut\AppData\Local\Android\Sdk\platform-tools\adb.exe'
[38;5;32m[BaseDriver][0m Using local app 'D:\MY_WorkSpace\Katalon_Automation\MedicsAPP\App\medicsApp.apk'
[38;5;64m[ADB][0m Getting device platform version
[38;5;48m[AndroidUiautomator2Driver@08c9 (75c5c4c5)][0m Relaxing hidden api policy
[38;5;64m[ADB][0m Package name: 'com.vopulus.medicsacademy'
[38;5;64m[ADB][0m Main activity name: 'com.vopulus.medicsacademy.MainActivity'
[38;5;64m[ADB][0m Using 'apksigner.jar' from 'C:\Users\yasirut\AppData\Local\Android\Sdk\build-tools\32.1.0-rc1\lib\apksigner.jar'
[38;5;64m[ADB][0m 'C:\Users\yasirut\.appium\node_modules\appium-uiautomator2-driver\node_modules\appium-uiautomator2-server\apks\appium-uiautomator2-server-debug-androidTest.apk' is signed with the default certificate
[38;5;64m[ADB][0m 'C:\Users\yasirut\.appium\node_modules\appium-uiautomator2-driver\node_modules\appium-uiautomator2-server\apks\appium-uiautomator2-server-v7.0.5.apk' is signed with the default certificate
[38;5;48m[AndroidUiautomator2Driver@08c9 (75c5c4c5)][0m Server packages are not going to be (re)installed
[38;5;64m[ADB][0m Adding packages ["io.appium.settings","io.appium.uiautomator2.server","io.appium.uiautomator2.server.test"] to Doze whitelist
[38;5;64m[ADB][0m 'D:\MY_WorkSpace\Katalon_Automation\MedicsAPP\App\medicsApp.apk' is signed with a non-default certificate
[38;5;64m[ADB][0m The application at 'D:\MY_WorkSpace\Katalon_Automation\MedicsAPP\App\medicsApp.apk' will not be cached, because the device under test has confirmed the support of streamed installs
[38;5;64m[ADB][0m The installation of 'medicsApp.apk' took 5423ms
[38;5;48m[AndroidUiautomator2Driver@08c9 (75c5c4c5)][0m Starting UIAutomator2 server 7.0.5
[38;5;48m[AndroidUiautomator2Driver@08c9 (75c5c4c5)][0m Using UIAutomator2 server from 'C:\Users\yasirut\.appium\node_modules\appium-uiautomator2-driver\node_modules\appium-uiautomator2-server\apks\appium-uiautomator2-server-v7.0.5.apk' and test from 'C:\Users\yasirut\.appium\node_modules\appium-uiautomator2-driver\node_modules\appium-uiautomator2-server\apks\appium-uiautomator2-server-debug-androidTest.apk'
[38;5;48m[AndroidUiautomator2Driver@08c9 (75c5c4c5)][0m Waiting up to 30000ms for UiAutomator2 to be online...
[38;5;48m[AndroidUiautomator2Driver@08c9 (75c5c4c5)][0m socket hang up
[38;5;48m[AndroidUiautomator2Driver@08c9 (75c5c4c5)][0m socket hang up
[38;5;48m[AndroidUiautomator2Driver@08c9 (75c5c4c5)][0m socket hang up
[38;5;48m[AndroidUiautomator2Driver@08c9 (75c5c4c5)][0m Determined the downstream protocol as 'W3C'
[38;5;48m[AndroidUiautomator2Driver@08c9 (75c5c4c5)][0m Screen already unlocked, doing nothing
[38;5;48m[AndroidUiautomator2Driver@08c9 (75c5c4c5)][0m Starting 'com.vopulus.medicsacademy/com.vopulus.medicsacademy.MainActivity and waiting for 'com.vopulus.medicsacademy/com.vopulus.medicsacademy.MainActivity'
[38;5;16m[AppiumDriver@72f5][0m New AndroidUiautomator2Driver session created successfully, session 75c5c4c5-cf6b-497e-b83f-d2e508fcb7c2 added to master session list
[38;5;0m[HTTP][0m [37m<-- POST /wd/hub/session [39m[32m200[39m [90m14300 ms - 1252[39m
[38;5;0m[HTTP][0m [90m[39m
[38;5;0m[HTTP][0m [37m-->[39m [37mGET[39m [37m/wd/hub/session/75c5c4c5-cf6b-497e-b83f-d2e508fcb7c2[39m
[38;5;0m[HTTP][0m [90m{}[39m
[38;5;0m[HTTP][0m [37m<-- GET /wd/hub/session/75c5c4c5-cf6b-497e-b83f-d2e508fcb7c2 [39m[32m200[39m [90m21 ms - 376[39m
[38;5;0m[HTTP][0m [90m[39m
[38;5;0m[HTTP][0m [37m-->[39m [37mGET[39m [37m/wd/hub/session/75c5c4c5-cf6b-497e-b83f-d2e508fcb7c2[39m
[38;5;0m[HTTP][0m [90m{}[39m
[38;5;0m[HTTP][0m [37m<-- GET /wd/hub/session/75c5c4c5-cf6b-497e-b83f-d2e508fcb7c2 [39m[32m200[39m [90m19 ms - 376[39m
[38;5;0m[HTTP][0m [90m[39m
[38;5;0m[HTTP][0m [37m-->[39m [37mGET[39m [37m/wd/hub/status[39m
[38;5;0m[HTTP][0m [90m{}[39m
[38;5;0m[HTTP][0m [37m<-- GET /wd/hub/status [39m[32m200[39m [90m1 ms - 39[39m
[38;5;0m[HTTP][0m [90m[39m
[38;5;0m[HTTP][0m [37m-->[39m [37mPOST[39m [37m/wd/hub/session/75c5c4c5-cf6b-497e-b83f-d2e508fcb7c2/timeouts[39m
[38;5;0m[HTTP][0m [90m{"implicit":60000}[39m
[38;5;0m[HTTP][0m [37m<-- POST /wd/hub/session/75c5c4c5-cf6b-497e-b83f-d2e508fcb7c2/timeouts [39m[32m200[39m [90m4 ms - 14[39m
[38;5;0m[HTTP][0m [90m[39m
[38;5;0m[HTTP][0m [37m-->[39m [37mGET[39m [37m/wd/hub/session/75c5c4c5-cf6b-497e-b83f-d2e508fcb7c2/source[39m
[38;5;0m[HTTP][0m [90m{}[39m
[38;5;48m[AndroidUiautomator2Driver@08c9 (75c5c4c5)][0m Driver proxy active, passing request on via HTTP proxy
[38;5;48m[AndroidUiautomator2Driver@08c9 (75c5c4c5)][0m Replacing sessionId 956978a9-20cc-491b-9499-41a6b0a34126 with 75c5c4c5-cf6b-497e-b83f-d2e508fcb7c2
[38;5;0m[HTTP][0m [37m<-- GET /wd/hub/session/75c5c4c5-cf6b-497e-b83f-d2e508fcb7c2/source [39m[32m200[39m [90m106 ms - 3222[39m
[38;5;0m[HTTP][0m [90m[39m
[38;5;0m[HTTP][0m [37m-->[39m [37mGET[39m [37m/wd/hub/session/75c5c4c5-cf6b-497e-b83f-d2e508fcb7c2/screenshot[39m
[38;5;0m[HTTP][0m [90m{}[39m
[38;5;0m[HTTP][0m [37m<-- GET /wd/hub/session/75c5c4c5-cf6b-497e-b83f-d2e508fcb7c2/screenshot [39m[32m200[39m [90m374 ms - 29452[39m
[38;5;0m[HTTP][0m [90m[39m
[38;5;0m[HTTP][0m [37m-->[39m [37mGET[39m [37m/wd/hub/session/75c5c4c5-cf6b-497e-b83f-d2e508fcb7c2/source[39m
[38;5;0m[HTTP][0m [90m{}[39m
[38;5;48m[AndroidUiautomator2Driver@08c9 (75c5c4c5)][0m Driver proxy active, passing request on via HTTP proxy
[38;5;48m[AndroidUiautomator2Driver@08c9 (75c5c4c5)][0m Replacing sessionId 956978a9-20cc-491b-9499-41a6b0a34126 with 75c5c4c5-cf6b-497e-b83f-d2e508fcb7c2
[38;5;0m[HTTP][0m [37m<-- GET /wd/hub/session/75c5c4c5-cf6b-497e-b83f-d2e508fcb7c2/source [39m[32m200[39m [90m426 ms - 17307[39m
[38;5;0m[HTTP][0m [90m[39m
[38;5;0m[HTTP][0m [37m-->[39m [37mGET[39m [37m/wd/hub/session/75c5c4c5-cf6b-497e-b83f-d2e508fcb7c2/screenshot[39m
[38;5;0m[HTTP][0m [90m{}[39m
[38;5;0m[HTTP][0m [37m<-- GET /wd/hub/session/75c5c4c5-cf6b-497e-b83f-d2e508fcb7c2/screenshot [39m[32m200[39m [90m253 ms - 146108[39m
[38;5;0m[HTTP][0m [90m[39m
[38;5;0m[HTTP][0m [37m-->[39m [37mGET[39m [37m/wd/hub/session/75c5c4c5-cf6b-497e-b83f-d2e508fcb7c2/source[39m
[38;5;0m[HTTP][0m [90m{}[39m
[38;5;48m[AndroidUiautomator2Driver@08c9 (75c5c4c5)][0m Driver proxy active, passing request on via HTTP proxy
[38;5;48m[AndroidUiautomator2Driver@08c9 (75c5c4c5)][0m Replacing sessionId 956978a9-20cc-491b-9499-41a6b0a34126 with 75c5c4c5-cf6b-497e-b83f-d2e508fcb7c2
[38;5;0m[HTTP][0m [37m<-- GET /wd/hub/session/75c5c4c5-cf6b-497e-b83f-d2e508fcb7c2/source [39m[32m200[39m [90m1513 ms - 61218[39m
[38;5;0m[HTTP][0m [90m[39m
[38;5;0m[HTTP][0m [37m-->[39m [37mGET[39m [37m/wd/hub/session/75c5c4c5-cf6b-497e-b83f-d2e508fcb7c2/screenshot[39m
[38;5;0m[HTTP][0m [90m{}[39m
[38;5;0m[HTTP][0m [37m<-- GET /wd/hub/session/75c5c4c5-cf6b-497e-b83f-d2e508fcb7c2/screenshot [39m[32m200[39m [90m199 ms - 115992[39m
[38;5;0m[HTTP][0m [90m[39m
[38;5;0m[HTTP][0m [37m-->[39m [37mPOST[39m [37m/wd/hub/session/75c5c4c5-cf6b-497e-b83f-d2e508fcb7c2/elements[39m
[38;5;0m[HTTP][0m [90m{"using":"xpath","value":"//*[@class = 'android.widget.TextView' and (@text = 'Delete account' or . = 'Delete account')]"}[39m
[38;5;0m[HTTP][0m [37m<-- POST /wd/hub/session/75c5c4c5-cf6b-497e-b83f-d2e508fcb7c2/elements [39m[32m200[39m [90m2827 ms - 139[39m
[38;5;0m[HTTP][0m [90m[39m
[38;5;0m[HTTP][0m [37m-->[39m [37mGET[39m [37m/wd/hub/session/75c5c4c5-cf6b-497e-b83f-d2e508fcb7c2/window/rect[39m
[38;5;0m[HTTP][0m [90m{}[39m
[38;5;0m[HTTP][0m [37m<-- GET /wd/hub/session/75c5c4c5-cf6b-497e-b83f-d2e508fcb7c2/window/rect [39m[32m200[39m [90m12 ms - 50[39m
[38;5;0m[HTTP][0m [90m[39m
[38;5;0m[HTTP][0m [37m-->[39m [37mPOST[39m [37m/wd/hub/session/75c5c4c5-cf6b-497e-b83f-d2e508fcb7c2/elements[39m
[38;5;0m[HTTP][0m [90m{"using":"xpath","value":"//*[@class = 'android.widget.TextView' and (@text = 'Delete account' or . = 'Delete account')]"}[39m
[38;5;0m[HTTP][0m [37m<-- POST /wd/hub/session/75c5c4c5-cf6b-497e-b83f-d2e508fcb7c2/elements [39m[32m200[39m [90m2095 ms - 139[39m
[38;5;0m[HTTP][0m [90m[39m
[38;5;0m[HTTP][0m [37m-->[39m [37mGET[39m [37m/wd/hub/session/75c5c4c5-cf6b-497e-b83f-d2e508fcb7c2/element/00000000-0000-0034-ffff-ffff000001b7/location[39m
[38;5;0m[HTTP][0m [90m{}[39m
[38;5;48m[AndroidUiautomator2Driver@08c9 (75c5c4c5)][0m Driver proxy active, passing request on via HTTP proxy
[38;5;48m[AndroidUiautomator2Driver@08c9 (75c5c4c5)][0m Replacing sessionId 956978a9-20cc-491b-9499-41a6b0a34126 with 75c5c4c5-cf6b-497e-b83f-d2e508fcb7c2
[38;5;0m[HTTP][0m [37m<-- GET /wd/hub/session/75c5c4c5-cf6b-497e-b83f-d2e508fcb7c2/element/00000000-0000-0034-ffff-ffff000001b7/location [39m[32m200[39m [90m44 ms - 79[39m
[38;5;0m[HTTP][0m [90m[39m
[38;5;0m[HTTP][0m [37m-->[39m [37mPOST[39m [37m/wd/hub/session/75c5c4c5-cf6b-497e-b83f-d2e508fcb7c2/element/00000000-0000-0034-ffff-ffff000001b7/click[39m
[38;5;0m[HTTP][0m [90m{"id":"00000000-0000-0034-ffff-ffff000001b7"}[39m
[38;5;0m[HTTP][0m [37m<-- POST /wd/hub/session/75c5c4c5-cf6b-497e-b83f-d2e508fcb7c2/element/00000000-0000-0034-ffff-ffff000001b7/click [39m[32m200[39m [90m69 ms - 14[39m
[38;5;0m[HTTP][0m [90m[39m
[38;5;0m[HTTP][0m [37m-->[39m [37mGET[39m [37m/wd/hub/session/75c5c4c5-cf6b-497e-b83f-d2e508fcb7c2/source[39m
[38;5;0m[HTTP][0m [90m{}[39m
[38;5;48m[AndroidUiautomator2Driver@08c9 (75c5c4c5)][0m Driver proxy active, passing request on via HTTP proxy
[38;5;48m[AndroidUiautomator2Driver@08c9 (75c5c4c5)][0m Replacing sessionId 956978a9-20cc-491b-9499-41a6b0a34126 with 75c5c4c5-cf6b-497e-b83f-d2e508fcb7c2
[38;5;0m[HTTP][0m [37m<-- GET /wd/hub/session/75c5c4c5-cf6b-497e-b83f-d2e508fcb7c2/source [39m[32m200[39m [90m538 ms - 61218[39m
[38;5;0m[HTTP][0m [90m[39m
[38;5;0m[HTTP][0m [37m-->[39m [37mGET[39m [37m/wd/hub/session/75c5c4c5-cf6b-497e-b83f-d2e508fcb7c2/screenshot[39m
[38;5;0m[HTTP][0m [90m{}[39m
[38;5;0m[HTTP][0m [37m<-- GET /wd/hub/session/75c5c4c5-cf6b-497e-b83f-d2e508fcb7c2/screenshot [39m[32m200[39m [90m240 ms - 115992[39m
[38;5;0m[HTTP][0m [90m[39m
[38;5;0m[HTTP][0m [37m-->[39m [37mGET[39m [37m/wd/hub/session/75c5c4c5-cf6b-497e-b83f-d2e508fcb7c2/window/rect[39m
[38;5;0m[HTTP][0m [90m{}[39m
[38;5;0m[HTTP][0m [37m<-- GET /wd/hub/session/75c5c4c5-cf6b-497e-b83f-d2e508fcb7c2/window/rect [39m[32m200[39m [90m16 ms - 50[39m
[38;5;0m[HTTP][0m [90m[39m
[38;5;0m[HTTP][0m [37m-->[39m [37mPOST[39m [37m/wd/hub/session/75c5c4c5-cf6b-497e-b83f-d2e508fcb7c2/elements[39m
[38;5;0m[HTTP][0m [90m{"using":"xpath","value":"//*[@class = 'android.widget.TextView' and (@text = 'Delete account' or . = 'Delete account')]"}[39m
[38;5;0m[HTTP][0m [37m<-- POST /wd/hub/session/75c5c4c5-cf6b-497e-b83f-d2e508fcb7c2/elements [39m[32m200[39m [90m1470 ms - 139[39m
[38;5;0m[HTTP][0m [90m[39m
[38;5;0m[HTTP][0m [37m-->[39m [37mGET[39m [37m/wd/hub/session/75c5c4c5-cf6b-497e-b83f-d2e508fcb7c2/element/00000000-0000-0034-ffff-ffff000002ab/location[39m
[38;5;0m[HTTP][0m [90m{}[39m
[38;5;48m[AndroidUiautomator2Driver@08c9 (75c5c4c5)][0m Driver proxy active, passing request on via HTTP proxy
[38;5;48m[AndroidUiautomator2Driver@08c9 (75c5c4c5)][0m Replacing sessionId 956978a9-20cc-491b-9499-41a6b0a34126 with 75c5c4c5-cf6b-497e-b83f-d2e508fcb7c2
[38;5;0m[HTTP][0m [37m<-- GET /wd/hub/session/75c5c4c5-cf6b-497e-b83f-d2e508fcb7c2/element/00000000-0000-0034-ffff-ffff000002ab/location [39m[32m200[39m [90m13 ms - 79[39m
[38;5;0m[HTTP][0m [90m[39m
[38;5;0m[HTTP][0m [37m-->[39m [37mPOST[39m [37m/wd/hub/session/75c5c4c5-cf6b-497e-b83f-d2e508fcb7c2/element/00000000-0000-0034-ffff-ffff000002ab/click[39m
[38;5;0m[HTTP][0m [90m{"id":"00000000-0000-0034-ffff-ffff000002ab"}[39m
[38;5;0m[HTTP][0m [37m<-- POST /wd/hub/session/75c5c4c5-cf6b-497e-b83f-d2e508fcb7c2/element/00000000-0000-0034-ffff-ffff000002ab/click [39m[32m200[39m [90m577 ms - 14[39m
[38;5;0m[HTTP][0m [90m[39m
[38;5;0m[HTTP][0m [37m-->[39m [37mGET[39m [37m/wd/hub/session/75c5c4c5-cf6b-497e-b83f-d2e508fcb7c2/source[39m
[38;5;0m[HTTP][0m [90m{}[39m
[38;5;48m[AndroidUiautomator2Driver@08c9 (75c5c4c5)][0m Driver proxy active, passing request on via HTTP proxy
[38;5;48m[AndroidUiautomator2Driver@08c9 (75c5c4c5)][0m Replacing sessionId 956978a9-20cc-491b-9499-41a6b0a34126 with 75c5c4c5-cf6b-497e-b83f-d2e508fcb7c2
[38;5;0m[HTTP][0m [37m<-- GET /wd/hub/session/75c5c4c5-cf6b-497e-b83f-d2e508fcb7c2/source [39m[32m200[39m [90m54 ms - 6572[39m
[38;5;0m[HTTP][0m [90m[39m
[38;5;0m[HTTP][0m [37m-->[39m [37mGET[39m [37m/wd/hub/session/75c5c4c5-cf6b-497e-b83f-d2e508fcb7c2/screenshot[39m
[38;5;0m[HTTP][0m [90m{}[39m
[38;5;0m[HTTP][0m [37m<-- GET /wd/hub/session/75c5c4c5-cf6b-497e-b83f-d2e508fcb7c2/screenshot [39m[32m200[39m [90m191 ms - 147904[39m
[38;5;0m[HTTP][0m [90m[39m
[38;5;0m[HTTP][0m [37m-->[39m [37mPOST[39m [37m/wd/hub/session/75c5c4c5-cf6b-497e-b83f-d2e508fcb7c2/elements[39m
[38;5;0m[HTTP][0m [90m{"using":"xpath","value":"//*[@class = 'android.widget.TextView' and (@text = 'You are about to delete your account. Are you sure you want to do this?' or . = 'You are about to delete your account. Are you sure you want to do this?')]"}[39m
[38;5;0m[HTTP][0m [37m<-- POST /wd/hub/session/75c5c4c5-cf6b-497e-b83f-d2e508fcb7c2/elements [39m[32m200[39m [90m154 ms - 139[39m
[38;5;0m[HTTP][0m [90m[39m
[38;5;0m[HTTP][0m [37m-->[39m [37mPOST[39m [37m/wd/hub/session/75c5c4c5-cf6b-497e-b83f-d2e508fcb7c2/elements[39m
[38;5;0m[HTTP][0m [90m{"using":"xpath","value":"//*[@class = 'android.widget.TextView' and (@text = 'You are about to delete your account. Are you sure you want to do this?' or . = 'You are about to delete your account. Are you sure you want to do this?')]"}[39m
[38;5;0m[HTTP][0m [37m<-- POST /wd/hub/session/75c5c4c5-cf6b-497e-b83f-d2e508fcb7c2/elements [39m[32m200[39m [90m117 ms - 139[39m
[38;5;0m[HTTP][0m [90m[39m
[38;5;0m[HTTP][0m [37m-->[39m [37mGET[39m [37m/wd/hub/session/75c5c4c5-cf6b-497e-b83f-d2e508fcb7c2/window/rect[39m
[38;5;0m[HTTP][0m [90m{}[39m
[38;5;0m[HTTP][0m [37m<-- GET /wd/hub/session/75c5c4c5-cf6b-497e-b83f-d2e508fcb7c2/window/rect [39m[32m200[39m [90m7 ms - 50[39m
[38;5;0m[HTTP][0m [90m[39m
[38;5;0m[HTTP][0m [37m-->[39m [37mPOST[39m [37m/wd/hub/session/75c5c4c5-cf6b-497e-b83f-d2e508fcb7c2/elements[39m
[38;5;0m[HTTP][0m [90m{"using":"xpath","value":"//*[@class = 'android.widget.TextView' and (@text = 'You are about to delete your account. Are you sure you want to do this?' or . = 'You are about to delete your account. Are you sure you want to do this?')]"}[39m
[38;5;0m[HTTP][0m [37m<-- POST /wd/hub/session/75c5c4c5-cf6b-497e-b83f-d2e508fcb7c2/elements [39m[32m200[39m [90m93 ms - 139[39m
[38;5;0m[HTTP][0m [90m[39m
[38;5;0m[HTTP][0m [37m-->[39m [37mGET[39m [37m/wd/hub/session/75c5c4c5-cf6b-497e-b83f-d2e508fcb7c2/element/00000000-0000-0036-ffff-ffff000002d1/location[39m
[38;5;0m[HTTP][0m [90m{}[39m
[38;5;48m[AndroidUiautomator2Driver@08c9 (75c5c4c5)][0m Driver proxy active, passing request on via HTTP proxy
[38;5;48m[AndroidUiautomator2Driver@08c9 (75c5c4c5)][0m Replacing sessionId 956978a9-20cc-491b-9499-41a6b0a34126 with 75c5c4c5-cf6b-497e-b83f-d2e508fcb7c2
[38;5;0m[HTTP][0m [37m<-- GET /wd/hub/session/75c5c4c5-cf6b-497e-b83f-d2e508fcb7c2/element/00000000-0000-0036-ffff-ffff000002d1/location [39m[32m200[39m [90m12 ms - 79[39m
[38;5;0m[HTTP][0m [90m[39m
[38;5;0m[HTTP][0m [37m-->[39m [37mGET[39m [37m/wd/hub/session/75c5c4c5-cf6b-497e-b83f-d2e508fcb7c2/element/00000000-0000-0036-ffff-ffff000002d1/text[39m
[38;5;0m[HTTP][0m [90m{}[39m
[38;5;48m[AndroidUiautomator2Driver@08c9 (75c5c4c5)][0m Driver proxy active, passing request on via HTTP proxy
[38;5;48m[AndroidUiautomator2Driver@08c9 (75c5c4c5)][0m Replacing sessionId 956978a9-20cc-491b-9499-41a6b0a34126 with 75c5c4c5-cf6b-497e-b83f-d2e508fcb7c2
[38;5;0m[HTTP][0m [37m<-- GET /wd/hub/session/75c5c4c5-cf6b-497e-b83f-d2e508fcb7c2/element/00000000-0000-0036-ffff-ffff000002d1/text [39m[32m200[39m [90m12 ms - 134[39m
[38;5;0m[HTTP][0m [90m[39m
[38;5;0m[HTTP][0m [37m-->[39m [37mGET[39m [37m/wd/hub/session/75c5c4c5-cf6b-497e-b83f-d2e508fcb7c2/source[39m
[38;5;0m[HTTP][0m [90m{}[39m
[38;5;48m[AndroidUiautomator2Driver@08c9 (75c5c4c5)][0m Driver proxy active, passing request on via HTTP proxy
[38;5;48m[AndroidUiautomator2Driver@08c9 (75c5c4c5)][0m Replacing sessionId 956978a9-20cc-491b-9499-41a6b0a34126 with 75c5c4c5-cf6b-497e-b83f-d2e508fcb7c2
[38;5;0m[HTTP][0m [37m<-- GET /wd/hub/session/75c5c4c5-cf6b-497e-b83f-d2e508fcb7c2/source [39m[32m200[39m [90m52 ms - 6572[39m
[38;5;0m[HTTP][0m [90m[39m
[38;5;0m[HTTP][0m [37m-->[39m [37mGET[39m [37m/wd/hub/session/75c5c4c5-cf6b-497e-b83f-d2e508fcb7c2/screenshot[39m
[38;5;0m[HTTP][0m [90m{}[39m
[38;5;0m[HTTP][0m [37m<-- GET /wd/hub/session/75c5c4c5-cf6b-497e-b83f-d2e508fcb7c2/screenshot [39m[32m200[39m [90m210 ms - 147072[39m
[38;5;0m[HTTP][0m [90m[39m
[38;5;0m[HTTP][0m [37m-->[39m [37mPOST[39m [37m/wd/hub/session/75c5c4c5-cf6b-497e-b83f-d2e508fcb7c2/elements[39m
[38;5;0m[HTTP][0m [90m{"using":"xpath","value":"//*[@class = 'android.widget.TextView' and (@text = 'Ok' or . = 'Ok')]"}[39m
[38;5;0m[HTTP][0m [37m<-- POST /wd/hub/session/75c5c4c5-cf6b-497e-b83f-d2e508fcb7c2/elements [39m[32m200[39m [90m333 ms - 139[39m
[38;5;0m[HTTP][0m [90m[39m
[38;5;0m[HTTP][0m [37m-->[39m [37mPOST[39m [37m/wd/hub/session/75c5c4c5-cf6b-497e-b83f-d2e508fcb7c2/elements[39m
[38;5;0m[HTTP][0m [90m{"using":"xpath","value":"//*[@class = 'android.widget.TextView' and (@text = 'Ok' or . = 'Ok')]"}[39m
[38;5;0m[HTTP][0m [37m<-- POST /wd/hub/session/75c5c4c5-cf6b-497e-b83f-d2e508fcb7c2/elements [39m[32m200[39m [90m57 ms - 139[39m
[38;5;0m[HTTP][0m [90m[39m
[38;5;0m[HTTP][0m [37m-->[39m [37mGET[39m [37m/wd/hub/session/75c5c4c5-cf6b-497e-b83f-d2e508fcb7c2/source[39m
[38;5;0m[HTTP][0m [90m{}[39m
[38;5;48m[AndroidUiautomator2Driver@08c9 (75c5c4c5)][0m Driver proxy active, passing request on via HTTP proxy
[38;5;48m[AndroidUiautomator2Driver@08c9 (75c5c4c5)][0m Replacing sessionId 956978a9-20cc-491b-9499-41a6b0a34126 with 75c5c4c5-cf6b-497e-b83f-d2e508fcb7c2
[38;5;0m[HTTP][0m [37m<-- GET /wd/hub/session/75c5c4c5-cf6b-497e-b83f-d2e508fcb7c2/source [39m[32m200[39m [90m34 ms - 6572[39m
[38;5;0m[HTTP][0m [90m[39m
[38;5;0m[HTTP][0m [37m-->[39m [37mGET[39m [37m/wd/hub/session/75c5c4c5-cf6b-497e-b83f-d2e508fcb7c2/screenshot[39m
[38;5;0m[HTTP][0m [90m{}[39m
[38;5;0m[HTTP][0m [37m<-- GET /wd/hub/session/75c5c4c5-cf6b-497e-b83f-d2e508fcb7c2/screenshot [39m[32m200[39m [90m197 ms - 147072[39m
[38;5;0m[HTTP][0m [90m[39m
[38;5;0m[HTTP][0m [37m-->[39m [37mDELETE[39m [37m/wd/hub/session/75c5c4c5-cf6b-497e-b83f-d2e508fcb7c2[39m
[38;5;0m[HTTP][0m [90m{}[39m
[38;5;16m[AppiumDriver@72f5][0m Removing session 75c5c4c5-cf6b-497e-b83f-d2e508fcb7c2 from our master session list
[38;5;48m[AndroidUiautomator2Driver@08c9 (75c5c4c5)][0m Restoring hidden api policy to the device default configuration
[38;5;0m[HTTP][0m [37m<-- DELETE /wd/hub/session/75c5c4c5-cf6b-497e-b83f-d2e508fcb7c2 [39m[32m200[39m [90m183 ms - 14[39m
[38;5;0m[HTTP][0m [90m[39m
